0 info it worked if it ends with ok
1 verbose cli [ '/usr/local/bin/node', '/usr/local/bin/npm', 'publish' ]
2 info using npm@2.15.1
3 info using node@v4.4.4
4 verbose publish [ '.' ]
5 silly cache add args [ '.', null ]
6 verbose cache add spec .
7 silly cache add parsed spec Result {
7 silly cache add   raw: '.',
7 silly cache add   scope: null,
7 silly cache add   name: null,
7 silly cache add   rawSpec: '.',
7 silly cache add   spec: '/Users/chensonghao/Documents/学习/github projects/cssTransfer',
7 silly cache add   type: 'directory' }
8 verbose addLocalDirectory /Users/chensonghao/.npm/css-transfer/1.0.3/package.tgz not in flight; packing
9 verbose correctMkdir /Users/chensonghao/.npm correctMkdir not in flight; initializing
10 verbose tar pack [ '/Users/chensonghao/.npm/css-transfer/1.0.3/package.tgz',
10 verbose tar pack   '/Users/chensonghao/Documents/学习/github projects/cssTransfer' ]
11 verbose tarball /Users/chensonghao/.npm/css-transfer/1.0.3/package.tgz
12 verbose folder /Users/chensonghao/Documents/学习/github projects/cssTransfer
13 info prepublish css-transfer@1.0.3
14 verbose addLocalTarball adding from inside cache /Users/chensonghao/.npm/css-transfer/1.0.3/package.tgz
15 verbose correctMkdir /Users/chensonghao/.npm correctMkdir not in flight; initializing
16 silly cache afterAdd css-transfer@1.0.3
17 verbose afterAdd /Users/chensonghao/.npm/css-transfer/1.0.3/package/package.json not in flight; writing
18 verbose correctMkdir /Users/chensonghao/.npm correctMkdir not in flight; initializing
19 verbose afterAdd /Users/chensonghao/.npm/css-transfer/1.0.3/package/package.json written
20 silly publish { name: 'css-transfer',
20 silly publish   version: '1.0.3',
20 silly publish   description: 'cssToJS',
20 silly publish   main: 'index.js',
20 silly publish   scripts: { test: 'echo "Error: no test specified" && exit 1' },
20 silly publish   repository:
20 silly publish    { type: 'git',
20 silly publish      url: 'git+https://github.com/chensonghao/cssTransfer.git' },
20 silly publish   author: { name: 'chensonghao', email: 'csh11122@sina.com' },
20 silly publish   license: 'ISC',
20 silly publish   bugs: { url: 'https://github.com/chensonghao/cssTransfer/issues' },
20 silly publish   homepage: 'https://github.com/chensonghao/cssTransfer#readme',
20 silly publish   dependencies: { 'clean-css': '^3.4.21' },
20 silly publish   readme: '# cssTransfer\ncss to js\n',
20 silly publish   readmeFilename: 'README.md',
20 silly publish   gitHead: '58c46f66f76698fb7530eae4191753a5e2a6acaf',
20 silly publish   _id: 'css-transfer@1.0.3',
20 silly publish   _shasum: 'b8e1f3f285e216454cb24a95a1f4ac7555a3ceff',
20 silly publish   _from: '.' }
21 verbose getPublishConfig undefined
22 silly mapToRegistry name css-transfer
23 silly mapToRegistry using default registry
24 silly mapToRegistry registry https://registry.npmjs.org/
25 silly mapToRegistry data Result {
25 silly mapToRegistry   raw: 'css-transfer',
25 silly mapToRegistry   scope: null,
25 silly mapToRegistry   name: 'css-transfer',
25 silly mapToRegistry   rawSpec: '',
25 silly mapToRegistry   spec: 'latest',
25 silly mapToRegistry   type: 'tag' }
26 silly mapToRegistry uri https://registry.npmjs.org/css-transfer
27 verbose publish registryBase https://registry.npmjs.org/
28 silly publish uploading /Users/chensonghao/.npm/css-transfer/1.0.3/package.tgz
29 verbose request uri https://registry.npmjs.org/css-transfer
30 verbose request sending authorization for write operation
31 info attempt registry request try #1 at 11:05:15
32 verbose request using bearer token for auth
33 verbose request id 732ba4a463d00736
34 http request PUT https://registry.npmjs.org/css-transfer
35 http 403 https://registry.npmjs.org/css-transfer
36 verbose headers { 'content-type': 'application/json',
36 verbose headers   'cache-control': 'max-age=300',
36 verbose headers   'content-length': '95',
36 verbose headers   'accept-ranges': 'bytes',
36 verbose headers   date: 'Fri, 09 Dec 2016 03:06:06 GMT',
36 verbose headers   via: '1.1 varnish',
36 verbose headers   connection: 'keep-alive',
36 verbose headers   'x-served-by': 'cache-lcy1132-LCY',
36 verbose headers   'x-cache': 'MISS',
36 verbose headers   'x-cache-hits': '0',
36 verbose headers   'x-timer': 'S1481252765.532234,VS0,VE854',
36 verbose headers   vary: 'Accept-Encoding' }
37 verbose request invalidating /Users/chensonghao/.npm/registry.npmjs.org/css-transfer on PUT
38 error publish Failed PUT 403
39 verbose stack Error: "You cannot publish over the previously published version 1.0.3." : css-transfer
39 verbose stack     at makeError (/usr/local/lib/node_modules/npm/node_modules/npm-registry-client/lib/request.js:264:12)
39 verbose stack     at CachingRegistryClient.<anonymous> (/usr/local/lib/node_modules/npm/node_modules/npm-registry-client/lib/request.js:252:14)
39 verbose stack     at Request._callback (/usr/local/lib/node_modules/npm/node_modules/npm-registry-client/lib/request.js:172:14)
39 verbose stack     at Request.self.callback (/usr/local/lib/node_modules/npm/node_modules/request/request.js:199:22)
39 verbose stack     at emitTwo (events.js:87:13)
39 verbose stack     at Request.emit (events.js:172:7)
39 verbose stack     at Request.<anonymous> (/usr/local/lib/node_modules/npm/node_modules/request/request.js:1036:10)
39 verbose stack     at emitOne (events.js:82:20)
39 verbose stack     at Request.emit (events.js:169:7)
39 verbose stack     at IncomingMessage.<anonymous> (/usr/local/lib/node_modules/npm/node_modules/request/request.js:963:12)
40 verbose statusCode 403
41 verbose pkgid css-transfer
42 verbose cwd /Users/chensonghao/Documents/学习/github projects/cssTransfer
43 error Darwin 15.3.0
44 error argv "/usr/local/bin/node" "/usr/local/bin/npm" "publish"
45 error node v4.4.4
46 error npm  v2.15.1
47 error code E403
48 error "You cannot publish over the previously published version 1.0.3." : css-transfer
49 error If you need help, you may report this error at:
49 error     <https://github.com/npm/npm/issues>
50 verbose exit [ 1, true ]
